h:\c++ projects\text adventure\text adventure\debug\vc140.pdb
h:\c++ projects\text adventure\text adventure\debug\vc140.idb
h:\c++ projects\text adventure\text adventure\debug\area.obj
h:\c++ projects\text adventure\text adventure\debug\item.obj
h:\c++ projects\text adventure\text adventure\debug\object.obj
h:\c++ projects\text adventure\text adventure\debug\player.obj
h:\c++ projects\text adventure\text adventure\debug\source.obj
h:\c++ projects\text adventure\text adventure\debug\sylladex.obj
c:\users\viridian\documents\visual studio 2015\projects\text adventure\text adventure\debug\vc140.pdb
c:\users\viridian\documents\visual studio 2015\projects\text adventure\text adventure\debug\vc140.idb
c:\users\viridian\documents\visual studio 2015\projects\text adventure\text adventure\debug\area.obj
c:\users\viridian\documents\visual studio 2015\projects\text adventure\text adventure\debug\item.obj
c:\users\viridian\documents\visual studio 2015\projects\text adventure\text adventure\debug\object.obj
c:\users\viridian\documents\visual studio 2015\projects\text adventure\text adventure\debug\player.obj
c:\users\viridian\documents\visual studio 2015\projects\text adventure\text adventure\debug\source.obj
c:\users\viridian\documents\visual studio 2015\projects\text adventure\text adventure\debug\sylladex.obj
h:\c++ projects\text adventure\debug\text adventure.ilk
h:\c++ projects\text adventure\debug\text adventure.exe
h:\c++ projects\text adventure\debug\text adventure.pdb
c:\users\viridian\documents\visual studio 2015\projects\text adventure\debug\text adventure.ilk
c:\users\viridian\documents\visual studio 2015\projects\text adventure\debug\text adventure.exe
c:\users\viridian\documents\visual studio 2015\projects\text adventure\debug\text adventure.pdb
c:\users\viridian\documents\visual studio 2015\projects\text adventure\text adventure\debug\text adventure.res
c:\users\viridian\documents\visual studio 2015\projects\text adventure\text adventure\debug\text adventure.tlog\cl.command.1.tlog
c:\users\viridian\documents\visual studio 2015\projects\text adventure\text adventure\debug\text adventure.tlog\cl.read.1.tlog
c:\users\viridian\documents\visual studio 2015\projects\text adventure\text adventure\debug\text adventure.tlog\cl.write.1.tlog
c:\users\viridian\documents\visual studio 2015\projects\text adventure\text adventure\debug\text adventure.tlog\link.command.1.tlog
c:\users\viridian\documents\visual studio 2015\projects\text adventure\text adventure\debug\text adventure.tlog\link.read.1.tlog
c:\users\viridian\documents\visual studio 2015\projects\text adventure\text adventure\debug\text adventure.tlog\link.write.1.tlog
c:\users\viridian\documents\visual studio 2015\projects\text adventure\text adventure\debug\text adventure.tlog\rc.command.1.tlog
c:\users\viridian\documents\visual studio 2015\projects\text adventure\text adventure\debug\text adventure.tlog\rc.read.1.tlog
c:\users\viridian\documents\visual studio 2015\projects\text adventure\text adventure\debug\text adventure.tlog\rc.write.1.tlog
